total 43
drwxr-xr-x 1 Asiri Hewage 197121     0 Jul 14 17:29 ./
drwxr-xr-x 1 Asiri Hewage 197121     0 Jul 13 20:26 ../
drwxr-xr-x 1 Asiri Hewage 197121     0 Jul 14 09:16 .git/
-rw-r--r-- 1 Asiri Hewage 197121   341 Jul 14 17:29 .gitignore
drwxr-xr-x 1 Asiri Hewage 197121     0 Jul 14 17:29 .idea/
-rw-r--r-- 1 Asiri Hewage 197121     2 Jul 13 22:56 CONTRIBUTING.md
-rw-r--r-- 1 Asiri Hewage 197121   205 Jul 14 09:03 dailycommit.sh
-rw-r--r-- 1 Asiri Hewage 197121     0 Jul 14 17:29 github.log
-rw-r--r-- 1 Asiri Hewage 197121 35823 Jul 13 20:26 LICENSE
-rw-r--r-- 1 Asiri Hewage 197121  1235 Jul 14 09:11 README.md
drwxr-xr-x 1 Asiri Hewage 197121     0 Jul 14 09:21 Sample 01 - Image Playground/
drwxr-xr-x 1 Asiri Hewage 197121     0 Jul 13 20:34 Sample 02 - Simple Text/
drwxr-xr-x 1 Asiri Hewage 197121     0 Jul 13 20:34 Sample 03 - Imoji Hero/
drwxr-xr-x 1 Asiri Hewage 197121     0 Jul 13 20:34 Sample 04 - Life Quotes and Messages/
drwxr-xr-x 1 Asiri Hewage 197121     0 Jul 13 20:34 Sample 05 - Links-In/
drwxr-xr-x 1 Asiri Hewage 197121     0 Jul 13 20:34 Sample 06 - Storyteller/
drwxr-xr-x 1 Asiri Hewage 197121     0 Jul 13 20:34 Sample 07 - Women In Coding/
drwxr-xr-x 1 Asiri Hewage 197121     0 Jul 13 20:34 Sample 08 - Gamer/
drwxr-xr-x 1 Asiri Hewage 197121     0 Jul 13 20:34 Sample 09 - Researcher/
drwxr-xr-x 1 Asiri Hewage 197121     0 Jul 13 20:34 Sample 10 - My Business/
drwxr-xr-x 1 Asiri Hewage 197121     0 Jul 14 09:16 Sample 11 - CV/
drwxr-xr-x 1 Asiri Hewage 197121     0 Jul 13 20:34 Sample 11 - Youtube star/
drwxr-xr-x 1 Asiri Hewage 197121     0 Jul 14 09:05 screenshots/
